2022-09-23 19:08:16,562 - INFO - Log file established!
2022-09-23 19:08:16,562 - INFO - --------
2022-09-23 19:08:16,562 - INFO - Paths have been setup
2022-09-23 19:08:16,562 - INFO - Setting up environment variables
2022-09-23 19:08:16,562 - INFO - --------
2022-09-23 19:08:16,562 - INFO - Starting to run code
2022-09-23 19:08:16,562 - INFO - Setting boundary
2022-09-23 19:08:16,562 - INFO - ---- In read geometries function
2022-09-23 19:08:16,563 - INFO - ---- Files in boundary directory to read in: ['boundary.gpkg']
2022-09-23 19:08:16,596 - INFO - ---- Completed read geometries funtion
2022-09-23 19:08:16,597 - INFO - Checking if rainfall period being used
2022-09-23 19:08:16,597 - INFO - Fitting rainfall to sotrm profile
2022-09-23 19:08:16,598 - INFO - Reading and clipping DEM
2022-09-23 19:08:16,773 - INFO - Reading buildings
2022-09-23 19:08:16,773 - INFO - ---- In read geometries function
2022-09-23 19:08:16,774 - INFO - ---- Files in buildings directory to read in: ['buildings.gpkg', 'norwich.shp']
2022-09-23 19:08:16,792 - INFO - -------- Reading in /data/inputs/buildings/norwich.shp
2022-09-23 19:08:16,799 - INFO - ---- Completed read geometries funtion
2022-09-23 19:08:16,799 - INFO - Reading green areas
2022-09-23 19:08:16,799 - INFO - ---- In read geometries function
2022-09-23 19:08:16,799 - INFO - ---- Files in green_areas directory to read in: ['green_areas.gpkg']
2022-09-23 19:08:16,818 - INFO - ---- Completed read geometries funtion
2022-09-23 19:08:16,819 - INFO - Creating discharge timeseries
2022-09-23 19:08:16,839 - INFO - Creating DEM dataset and boundary dataset
2022-09-23 19:08:16,845 - INFO - Creating input files
2022-09-23 19:08:16,856 - INFO - Preparing CityCat
