2022-09-23 19:09:24,025 - INFO - Log file established!
2022-09-23 19:09:24,025 - INFO - --------
2022-09-23 19:09:24,025 - INFO - Paths have been setup
2022-09-23 19:09:24,025 - INFO - Setting up environment variables
2022-09-23 19:09:24,025 - INFO - --------
2022-09-23 19:09:24,025 - INFO - Starting to run code
2022-09-23 19:09:24,026 - INFO - Setting boundary
2022-09-23 19:09:24,026 - INFO - ---- In read geometries function
2022-09-23 19:09:24,026 - INFO - ---- Files in boundary directory to read in: ['boundary.gpkg']
2022-09-23 19:09:24,059 - INFO - ---- Completed read geometries funtion
2022-09-23 19:09:24,060 - INFO - Checking if rainfall period being used
2022-09-23 19:09:24,060 - INFO - Fitting rainfall to sotrm profile
2022-09-23 19:09:24,060 - INFO - Reading and clipping DEM
2022-09-23 19:09:24,237 - INFO - Reading buildings
2022-09-23 19:09:24,237 - INFO - ---- In read geometries function
2022-09-23 19:09:24,237 - INFO - ---- Files in buildings directory to read in: ['buildings.gpkg', 'norwich.gpkg']
2022-09-23 19:09:24,255 - INFO - -------- Reading in /data/inputs/buildings/norwich.gpkg
2022-09-23 19:09:24,264 - INFO - ---- Completed read geometries funtion
2022-09-23 19:09:24,264 - INFO - Reading green areas
2022-09-23 19:09:24,264 - INFO - ---- In read geometries function
2022-09-23 19:09:24,265 - INFO - ---- Files in green_areas directory to read in: ['green_areas.gpkg']
2022-09-23 19:09:24,284 - INFO - ---- Completed read geometries funtion
2022-09-23 19:09:24,284 - INFO - Creating discharge timeseries
2022-09-23 19:09:24,304 - INFO - Creating DEM dataset and boundary dataset
2022-09-23 19:09:24,310 - INFO - Creating input files
2022-09-23 19:09:24,321 - INFO - Preparing CityCat
