2022-09-24 09:07:36,770 - INFO - Log file established!
2022-09-24 09:07:36,770 - INFO - --------
2022-09-24 09:07:36,770 - INFO - Paths have been setup
2022-09-24 09:07:36,770 - INFO - ['/data/inputs/urban_fabric.zip']
2022-09-24 09:07:36,770 - INFO - Setting up environment variables
2022-09-24 09:07:36,771 - INFO - --------
2022-09-24 09:07:36,771 - INFO - Starting to run code
2022-09-24 09:07:36,771 - INFO - Setting boundary
2022-09-24 09:07:36,771 - INFO - ---- In read geometries function
2022-09-24 09:07:36,771 - INFO - ---- Files in boundary directory to read in: ['boundary.gpkg']
2022-09-24 09:07:36,771 - INFO - -------- Reading in boundary
2022-09-24 09:07:36,807 - INFO - -------- Number of features read now: 1
2022-09-24 09:07:36,807 - INFO - ---- Completed read geometries funtion
2022-09-24 09:07:36,807 - INFO - Checking if rainfall period being used
2022-09-24 09:07:36,808 - INFO - Fitting rainfall to sotrm profile
2022-09-24 09:07:36,808 - INFO - Reading and clipping DEM
2022-09-24 09:07:36,987 - INFO - Reading buildings
2022-09-24 09:07:36,987 - INFO - ---- In read geometries function
2022-09-24 09:07:36,987 - INFO - ---- Files in buildings directory to read in: ['buildings.gpkg', 'norwich.gpkg', 'norwich.shp']
2022-09-24 09:07:36,987 - INFO - -------- Reading in buildings
2022-09-24 09:07:37,008 - INFO - -------- Number of features read now: 1
2022-09-24 09:07:37,008 - INFO - -------- Reading in /data/inputs/buildings/norwich.gpkg
2022-09-24 09:07:37,018 - INFO - -------- Number of features read now: 1
2022-09-24 09:07:37,018 - INFO - -------- Reading in /data/inputs/buildings/norwich.shp
2022-09-24 09:07:37,025 - INFO - -------- Number of features read now: 1
2022-09-24 09:07:37,025 - INFO - ---- Completed read geometries funtion
2022-09-24 09:07:37,025 - INFO - Reading green areas
2022-09-24 09:07:37,025 - INFO - ---- In read geometries function
2022-09-24 09:07:37,026 - INFO - ---- Files in green_areas directory to read in: ['green_areas.gpkg']
2022-09-24 09:07:37,026 - INFO - -------- Reading in green_areas
2022-09-24 09:07:37,048 - INFO - -------- Number of features read now: 0
2022-09-24 09:07:37,048 - INFO - ---- Completed read geometries funtion
2022-09-24 09:07:37,048 - INFO - Creating discharge timeseries
2022-09-24 09:07:37,069 - INFO - Creating DEM dataset and boundary dataset
2022-09-24 09:07:37,075 - INFO - Creating input files
2022-09-24 09:07:37,088 - INFO - Preparing CityCat
