2022-09-23 19:15:48,814 - INFO - Log file established!
2022-09-23 19:15:48,815 - INFO - --------
2022-09-23 19:15:48,815 - INFO - Paths have been setup
2022-09-23 19:15:48,815 - INFO - Setting up environment variables
2022-09-23 19:15:48,815 - INFO - --------
2022-09-23 19:15:48,815 - INFO - Starting to run code
2022-09-23 19:15:48,816 - INFO - Setting boundary
2022-09-23 19:15:48,816 - INFO - ---- In read geometries function
2022-09-23 19:15:48,816 - INFO - ---- Files in boundary directory to read in: ['boundary.gpkg']
2022-09-23 19:15:48,881 - INFO - ---- Read in 1 features
2022-09-23 19:15:48,881 - INFO - ---- Completed read geometries funtion
2022-09-23 19:15:48,882 - INFO - Checking if rainfall period being used
2022-09-23 19:15:48,882 - INFO - Fitting rainfall to sotrm profile
2022-09-23 19:15:48,884 - INFO - Reading and clipping DEM
2022-09-23 19:15:49,162 - INFO - Reading buildings
2022-09-23 19:15:49,162 - INFO - ---- In read geometries function
2022-09-23 19:15:49,163 - INFO - ---- Files in buildings directory to read in: ['buildings.gpkg', 'norwich.gpkg']
2022-09-23 19:15:49,189 - INFO - -------- Reading in /data/inputs/buildings/norwich.gpkg
2022-09-23 19:15:49,203 - INFO - ---- Read in 1 features
2022-09-23 19:15:49,203 - INFO - ---- Completed read geometries funtion
2022-09-23 19:15:49,203 - INFO - Reading green areas
2022-09-23 19:15:49,203 - INFO - ---- In read geometries function
2022-09-23 19:15:49,204 - INFO - ---- Files in green_areas directory to read in: ['green_areas.gpkg']
2022-09-23 19:15:49,234 - INFO - ---- Read in 0 features
2022-09-23 19:15:49,234 - INFO - ---- Completed read geometries funtion
2022-09-23 19:15:49,234 - INFO - Creating discharge timeseries
2022-09-23 19:15:49,265 - INFO - Creating DEM dataset and boundary dataset
2022-09-23 19:15:49,275 - INFO - Creating input files
2022-09-23 19:15:49,292 - INFO - Preparing CityCat
