2022-09-23 19:23:03,316 - INFO - Log file established!
2022-09-23 19:23:03,317 - INFO - --------
2022-09-23 19:23:03,317 - INFO - Paths have been setup
2022-09-23 19:23:03,317 - INFO - Setting up environment variables
2022-09-23 19:23:03,318 - INFO - --------
2022-09-23 19:23:03,318 - INFO - Starting to run code
2022-09-23 19:23:03,318 - INFO - Setting boundary
2022-09-23 19:23:03,318 - INFO - ---- In read geometries function
2022-09-23 19:23:03,319 - INFO - ---- Files in boundary directory to read in: ['boundary.gpkg']
2022-09-23 19:23:03,380 - INFO - ---- Read in 1 features
2022-09-23 19:23:03,640 - INFO - ---- Completed read geometries funtion
2022-09-23 19:23:03,642 - INFO - Checking if rainfall period being used
2022-09-23 19:23:03,642 - INFO - Fitting rainfall to sotrm profile
2022-09-23 19:23:03,646 - INFO - Reading and clipping DEM
2022-09-23 19:23:03,965 - INFO - Reading buildings
2022-09-23 19:23:03,965 - INFO - ---- In read geometries function
2022-09-23 19:23:03,966 - INFO - ---- Files in buildings directory to read in: ['buildings.gpkg', 'norwich.gpkg', 'norwich.shp']
2022-09-23 19:23:03,997 - INFO - -------- Reading in /data/inputs/buildings/norwich.gpkg
2022-09-23 19:23:15,104 - INFO - -------- Reading in /data/inputs/buildings/norwich.shp
2022-09-23 19:23:24,747 - INFO - ---- Read in 106381 features
2022-09-23 19:24:38,019 - INFO - ---- Completed read geometries funtion
2022-09-23 19:24:38,020 - INFO - Reading green areas
2022-09-23 19:24:38,020 - INFO - ---- In read geometries function
2022-09-23 19:24:38,021 - INFO - ---- Files in green_areas directory to read in: ['green_areas.gpkg']
2022-09-23 19:24:38,064 - INFO - ---- Read in 0 features
