2022-09-23 17:43:47,192 - INFO - Log file established!
2022-09-23 17:43:47,192 - INFO - --------
2022-09-23 17:43:47,192 - INFO - Paths have been setup
2022-09-23 17:43:47,192 - INFO - Setting up environment variables
2022-09-23 17:43:47,192 - INFO - --------
2022-09-23 17:43:47,192 - INFO - Starting to run code
2022-09-23 17:43:47,192 - INFO - Setting boundary
2022-09-23 17:43:47,192 - INFO - ---- In read geometries function
2022-09-23 17:43:47,193 - INFO - ---- Files in boundary directory to read in: ['boundary.gpkg']
2022-09-23 17:43:47,226 - INFO - ---- Completed read geometries funtion
2022-09-23 17:43:47,226 - INFO - Checking if rainfall period being used
2022-09-23 17:43:47,227 - INFO - Fitting rainfall to sotrm profile
2022-09-23 17:43:47,227 - INFO - Reading and clipping DEM
2022-09-23 17:43:47,404 - INFO - Reading buildings
2022-09-23 17:43:47,405 - INFO - ---- In read geometries function
2022-09-23 17:43:47,405 - INFO - ---- Files in buildings directory to read in: ['buildings.gpkg']
2022-09-23 17:43:47,424 - INFO - ---- Completed read geometries funtion
2022-09-23 17:43:47,424 - INFO - Reading green areas
2022-09-23 17:43:47,424 - INFO - ---- In read geometries function
2022-09-23 17:43:47,425 - INFO - ---- Files in green_areas directory to read in: ['green_areas.gpkg']
2022-09-23 17:43:47,444 - INFO - ---- Completed read geometries funtion
2022-09-23 17:43:47,445 - INFO - Creating discharge timeseries
2022-09-23 17:43:47,463 - INFO - Creating DEM dataset and boundary dataset
2022-09-23 17:43:47,471 - INFO - Creating input files
