2022-09-24 09:56:43,724 - INFO - Log file established!
2022-09-24 09:56:43,725 - INFO - --------
2022-09-24 09:56:43,725 - INFO - Paths have been setup
2022-09-24 09:56:43,725 - INFO - ['/data/inputs/urban_fabric.zip']
2022-09-24 09:56:43,725 - INFO - ---- Found urban fabric layer from UDM
2022-09-24 09:56:43,740 - INFO - ---- Extracted urban fabric layers
2022-09-24 09:56:43,742 - INFO - ---- Moved urban fabric files
2022-09-24 09:56:43,742 - INFO - Setting up environment variables
2022-09-24 09:56:43,742 - INFO - --------
2022-09-24 09:56:43,742 - INFO - Starting to run code
2022-09-24 09:56:43,742 - INFO - Setting boundary
2022-09-24 09:56:43,742 - INFO - ---- In read geometries function
2022-09-24 09:56:43,743 - INFO - ---- Files in boundary directory to read in: ['boundary.gpkg']
2022-09-24 09:56:43,743 - INFO - -------- Reading in boundary
2022-09-24 09:56:43,778 - INFO - -------- Number of features read now: 1
2022-09-24 09:56:43,778 - INFO - ---- Completed read geometries funtion
2022-09-24 09:56:43,779 - INFO - Checking if rainfall period being used
2022-09-24 09:56:43,779 - INFO - Fitting rainfall to sotrm profile
2022-09-24 09:56:43,780 - INFO - Reading and clipping DEM
2022-09-24 09:56:43,962 - INFO - Reading buildings
2022-09-24 09:56:43,962 - INFO - ---- In read geometries function
2022-09-24 09:56:43,963 - INFO - ---- Files in buildings directory to read in: ['buildings.gpkg', 'buildings_udm.gpkg', 'norwich.gpkg', 'norwich.shp']
2022-09-24 09:56:43,963 - INFO - -------- Reading in buildings
2022-09-24 09:56:43,981 - INFO - -------- Number of features read now: 1
2022-09-24 09:56:43,981 - INFO - -------- Reading in /data/inputs/buildings/buildings_udm.gpkg
2022-09-24 09:56:43,990 - INFO - -------- Number of features read now: 1
2022-09-24 09:56:43,990 - INFO - -------- Reading in /data/inputs/buildings/norwich.gpkg
2022-09-24 09:56:43,999 - INFO - -------- Number of features read now: 1
2022-09-24 09:56:43,999 - INFO - -------- Reading in /data/inputs/buildings/norwich.shp
2022-09-24 09:56:44,005 - INFO - -------- Number of features read now: 1
2022-09-24 09:56:44,005 - INFO - ---- Completed read geometries funtion
2022-09-24 09:56:44,005 - INFO - Reading green areas
2022-09-24 09:56:44,005 - INFO - ---- In read geometries function
2022-09-24 09:56:44,005 - INFO - ---- Files in green_areas directory to read in: ['green_areas.gpkg']
2022-09-24 09:56:44,005 - INFO - -------- Reading in green_areas
2022-09-24 09:56:44,026 - INFO - -------- Number of features read now: 0
2022-09-24 09:56:44,026 - INFO - ---- Completed read geometries funtion
2022-09-24 09:56:44,026 - INFO - Creating discharge timeseries
2022-09-24 09:56:44,046 - INFO - Creating DEM dataset and boundary dataset
2022-09-24 09:56:44,053 - INFO - Creating input files
2022-09-24 09:56:44,065 - INFO - Preparing CityCat
