2022-09-23 19:16:47,764 - INFO - Log file established!
2022-09-23 19:16:47,764 - INFO - --------
2022-09-23 19:16:47,764 - INFO - Paths have been setup
2022-09-23 19:16:47,764 - INFO - Setting up environment variables
2022-09-23 19:16:47,764 - INFO - --------
2022-09-23 19:16:47,764 - INFO - Starting to run code
2022-09-23 19:16:47,765 - INFO - Setting boundary
2022-09-23 19:16:47,765 - INFO - ---- In read geometries function
2022-09-23 19:16:47,765 - INFO - ---- Files in boundary directory to read in: ['boundary.gpkg']
2022-09-23 19:16:47,815 - INFO - ---- Read in 1 features
2022-09-23 19:16:47,815 - INFO - ---- Completed read geometries funtion
2022-09-23 19:16:47,816 - INFO - Checking if rainfall period being used
2022-09-23 19:16:47,816 - INFO - Fitting rainfall to sotrm profile
2022-09-23 19:16:47,818 - INFO - Reading and clipping DEM
2022-09-23 19:16:48,081 - INFO - Reading buildings
2022-09-23 19:16:48,081 - INFO - ---- In read geometries function
2022-09-23 19:16:48,082 - INFO - ---- Files in buildings directory to read in: ['buildings.gpkg', 'norwich.gpkg', 'norwich.shp']
2022-09-23 19:16:48,112 - INFO - -------- Reading in /data/inputs/buildings/norwich.gpkg
2022-09-23 19:16:48,127 - INFO - -------- Reading in /data/inputs/buildings/norwich.shp
2022-09-23 19:16:48,136 - INFO - ---- Read in 1 features
2022-09-23 19:16:48,136 - INFO - ---- Completed read geometries funtion
2022-09-23 19:16:48,136 - INFO - Reading green areas
2022-09-23 19:16:48,136 - INFO - ---- In read geometries function
2022-09-23 19:16:48,137 - INFO - ---- Files in green_areas directory to read in: ['green_areas.gpkg']
2022-09-23 19:16:48,181 - INFO - ---- Read in 0 features
2022-09-23 19:16:48,182 - INFO - ---- Completed read geometries funtion
2022-09-23 19:16:48,182 - INFO - Creating discharge timeseries
2022-09-23 19:16:48,222 - INFO - Creating DEM dataset and boundary dataset
2022-09-23 19:16:48,235 - INFO - Creating input files
2022-09-23 19:16:48,253 - INFO - Preparing CityCat
