2022-09-24 08:25:36,004 - INFO - Log file established!
2022-09-24 08:25:36,004 - INFO - --------
2022-09-24 08:25:36,005 - INFO - Paths have been setup
2022-09-24 08:25:36,005 - INFO - Setting up environment variables
2022-09-24 08:25:36,005 - INFO - --------
2022-09-24 08:25:36,005 - INFO - Starting to run code
2022-09-24 08:25:36,005 - INFO - Setting boundary
2022-09-24 08:25:36,005 - INFO - ---- In read geometries function
2022-09-24 08:25:36,006 - INFO - ---- Files in boundary directory to read in: ['boundary.gpkg']
2022-09-24 08:25:36,006 - INFO - -------- Reading in boundary
2022-09-24 08:25:36,066 - INFO - -------- Number of features read now: 1
2022-09-24 08:25:36,067 - INFO - ---- Completed read geometries funtion
2022-09-24 08:25:36,067 - INFO - Checking if rainfall period being used
2022-09-24 08:25:36,067 - INFO - Fitting rainfall to sotrm profile
2022-09-24 08:25:36,069 - INFO - Reading and clipping DEM
2022-09-24 08:25:36,332 - INFO - Reading buildings
2022-09-24 08:25:36,332 - INFO - ---- In read geometries function
2022-09-24 08:25:36,333 - INFO - ---- Files in buildings directory to read in: ['buildings.gpkg', 'norwich.gpkg', 'norwich.shp']
2022-09-24 08:25:36,333 - INFO - -------- Reading in buildings
2022-09-24 08:25:36,361 - INFO - -------- Number of features read now: 1
2022-09-24 08:25:36,361 - INFO - -------- Reading in /data/inputs/buildings/norwich.gpkg
2022-09-24 08:25:36,455 - INFO - -------- Number of features read now: 1
2022-09-24 08:25:36,455 - INFO - -------- Reading in /data/inputs/buildings/norwich.shp
2022-09-24 08:25:36,469 - INFO - -------- Number of features read now: 1
2022-09-24 08:25:36,469 - INFO - ---- Completed read geometries funtion
2022-09-24 08:25:36,470 - INFO - Reading green areas
2022-09-24 08:25:36,470 - INFO - ---- In read geometries function
2022-09-24 08:25:36,471 - INFO - ---- Files in green_areas directory to read in: ['green_areas.gpkg']
2022-09-24 08:25:36,471 - INFO - -------- Reading in green_areas
2022-09-24 08:25:36,503 - INFO - -------- Number of features read now: 0
2022-09-24 08:25:36,504 - INFO - ---- Completed read geometries funtion
2022-09-24 08:25:36,504 - INFO - Creating discharge timeseries
2022-09-24 08:25:36,534 - INFO - Creating DEM dataset and boundary dataset
2022-09-24 08:25:36,544 - INFO - Creating input files
2022-09-24 08:25:36,564 - INFO - Preparing CityCat
