2022-09-24 08:40:52,793 - INFO - Log file established!
2022-09-24 08:40:52,793 - INFO - --------
2022-09-24 08:40:52,793 - INFO - Paths have been setup
2022-09-24 08:40:52,794 - INFO - ['/data/inputs/urban_fabric.zip']
2022-09-24 08:40:52,794 - INFO - Setting up environment variables
2022-09-24 08:40:52,794 - INFO - --------
2022-09-24 08:40:52,794 - INFO - Starting to run code
2022-09-24 08:40:52,794 - INFO - Setting boundary
2022-09-24 08:40:52,794 - INFO - ---- In read geometries function
2022-09-24 08:40:52,795 - INFO - ---- Files in boundary directory to read in: ['boundary.gpkg']
2022-09-24 08:40:52,795 - INFO - -------- Reading in boundary
2022-09-24 08:40:52,831 - INFO - -------- Number of features read now: 1
2022-09-24 08:40:52,831 - INFO - ---- Completed read geometries funtion
2022-09-24 08:40:52,832 - INFO - Checking if rainfall period being used
2022-09-24 08:40:52,832 - INFO - Fitting rainfall to sotrm profile
2022-09-24 08:40:52,833 - INFO - Reading and clipping DEM
2022-09-24 08:40:53,020 - INFO - Reading buildings
2022-09-24 08:40:53,020 - INFO - ---- In read geometries function
2022-09-24 08:40:53,021 - INFO - ---- Files in buildings directory to read in: ['buildings.gpkg', 'norwich.gpkg', 'norwich.shp']
2022-09-24 08:40:53,021 - INFO - -------- Reading in buildings
2022-09-24 08:40:53,043 - INFO - -------- Number of features read now: 1
2022-09-24 08:40:53,043 - INFO - -------- Reading in /data/inputs/buildings/norwich.gpkg
2022-09-24 08:40:53,054 - INFO - -------- Number of features read now: 1
2022-09-24 08:40:53,054 - INFO - -------- Reading in /data/inputs/buildings/norwich.shp
2022-09-24 08:40:53,062 - INFO - -------- Number of features read now: 1
2022-09-24 08:40:53,062 - INFO - ---- Completed read geometries funtion
2022-09-24 08:40:53,063 - INFO - Reading green areas
2022-09-24 08:40:53,063 - INFO - ---- In read geometries function
2022-09-24 08:40:53,063 - INFO - ---- Files in green_areas directory to read in: ['green_areas.gpkg']
2022-09-24 08:40:53,063 - INFO - -------- Reading in green_areas
2022-09-24 08:40:53,088 - INFO - -------- Number of features read now: 0
2022-09-24 08:40:53,088 - INFO - ---- Completed read geometries funtion
2022-09-24 08:40:53,088 - INFO - Creating discharge timeseries
2022-09-24 08:40:53,109 - INFO - Creating DEM dataset and boundary dataset
2022-09-24 08:40:53,117 - INFO - Creating input files
2022-09-24 08:40:53,172 - INFO - Preparing CityCat
