2022-09-23 19:07:08,705 - INFO - Log file established!
2022-09-23 19:07:08,705 - INFO - --------
2022-09-23 19:07:08,705 - INFO - Paths have been setup
2022-09-23 19:07:08,705 - INFO - Setting up environment variables
2022-09-23 19:07:08,705 - INFO - --------
2022-09-23 19:07:08,705 - INFO - Starting to run code
2022-09-23 19:07:08,705 - INFO - Setting boundary
2022-09-23 19:07:08,705 - INFO - ---- In read geometries function
2022-09-23 19:07:08,706 - INFO - ---- Files in boundary directory to read in: ['boundary.gpkg']
2022-09-23 19:07:08,742 - INFO - ---- Completed read geometries funtion
2022-09-23 19:07:08,743 - INFO - Checking if rainfall period being used
2022-09-23 19:07:08,743 - INFO - Fitting rainfall to sotrm profile
2022-09-23 19:07:08,744 - INFO - Reading and clipping DEM
2022-09-23 19:07:08,978 - INFO - Reading buildings
2022-09-23 19:07:08,978 - INFO - ---- In read geometries function
2022-09-23 19:07:08,979 - INFO - ---- Files in buildings directory to read in: ['buildings.gpkg', 'norwich.gpkg', 'norwich.shp']
2022-09-23 19:07:09,006 - INFO - -------- Reading in /data/inputs/buildings/norwich.gpkg
2022-09-23 19:07:09,019 - INFO - -------- Reading in /data/inputs/buildings/norwich.shp
2022-09-23 19:07:09,027 - INFO - ---- Completed read geometries funtion
2022-09-23 19:07:09,028 - INFO - Reading green areas
2022-09-23 19:07:09,028 - INFO - ---- In read geometries function
2022-09-23 19:07:09,028 - INFO - ---- Files in green_areas directory to read in: ['green_areas.gpkg']
2022-09-23 19:07:09,066 - INFO - ---- Completed read geometries funtion
2022-09-23 19:07:09,066 - INFO - Creating discharge timeseries
2022-09-23 19:07:09,096 - INFO - Creating DEM dataset and boundary dataset
2022-09-23 19:07:09,107 - INFO - Creating input files
2022-09-23 19:07:09,123 - INFO - Preparing CityCat
