2022-09-23 19:20:34,826 - INFO - Log file established!
2022-09-23 19:20:34,826 - INFO - --------
2022-09-23 19:20:34,826 - INFO - Paths have been setup
2022-09-23 19:20:34,827 - INFO - Setting up environment variables
2022-09-23 19:20:34,827 - INFO - --------
2022-09-23 19:20:34,827 - INFO - Starting to run code
2022-09-23 19:20:34,827 - INFO - Setting boundary
2022-09-23 19:20:34,827 - INFO - ---- In read geometries function
2022-09-23 19:20:34,828 - INFO - ---- Files in boundary directory to read in: ['boundary.gpkg']
2022-09-23 19:20:34,891 - INFO - ---- Read in 1 features
2022-09-23 19:20:34,970 - INFO - ---- Completed read geometries funtion
2022-09-23 19:20:34,971 - INFO - Checking if rainfall period being used
2022-09-23 19:20:34,971 - INFO - Fitting rainfall to sotrm profile
2022-09-23 19:20:34,973 - INFO - Reading and clipping DEM
2022-09-23 19:20:35,271 - INFO - Reading buildings
2022-09-23 19:20:35,271 - INFO - ---- In read geometries function
2022-09-23 19:20:35,272 - INFO - ---- Files in buildings directory to read in: ['buildings.gpkg', 'norwich.gpkg', 'norwich.shp']
2022-09-23 19:20:35,305 - INFO - -------- Reading in /data/inputs/buildings/buildings.gpkg
2022-09-23 19:20:35,341 - INFO - -------- Reading in /data/inputs/buildings/norwich.gpkg
2022-09-23 19:20:35,356 - INFO - -------- Reading in /data/inputs/buildings/norwich.shp
2022-09-23 19:20:35,365 - INFO - ---- Read in 2 features
2022-09-23 19:20:35,435 - INFO - ---- Completed read geometries funtion
2022-09-23 19:20:35,435 - INFO - Reading green areas
2022-09-23 19:20:35,436 - INFO - ---- In read geometries function
2022-09-23 19:20:35,437 - INFO - ---- Files in green_areas directory to read in: ['green_areas.gpkg']
2022-09-23 19:20:35,472 - INFO - ---- Read in 0 features
