2022-09-23 17:42:46,617 - INFO - Log file established!
2022-09-23 17:42:46,617 - INFO - --------
2022-09-23 17:42:46,617 - INFO - Paths have been setup
2022-09-23 17:42:46,617 - INFO - Setting up environment variables
2022-09-23 17:42:46,617 - INFO - --------
2022-09-23 17:42:46,617 - INFO - Starting to run code
2022-09-23 17:42:46,617 - INFO - Setting boundary
2022-09-23 17:42:46,617 - INFO - ---- In read geometries function
2022-09-23 17:42:46,618 - INFO - ---- Files in boundary directory to read in: ['boundary.gpkg']
2022-09-23 17:42:46,660 - INFO - ---- Completed read geometries funtion
2022-09-23 17:42:46,661 - INFO - Checking if rainfall period being used
2022-09-23 17:42:46,661 - INFO - Fitting rainfall to sotrm profile
2022-09-23 17:42:46,662 - INFO - Reading and clipping DEM
2022-09-23 17:42:46,841 - INFO - Reading buildings
2022-09-23 17:42:46,841 - INFO - ---- In read geometries function
2022-09-23 17:42:46,841 - INFO - ---- Files in buildings directory to read in: ['buildings.gpkg']
2022-09-23 17:42:46,861 - INFO - ---- Completed read geometries funtion
2022-09-23 17:42:46,861 - INFO - Reading green areas
2022-09-23 17:42:46,861 - INFO - ---- In read geometries function
2022-09-23 17:42:46,861 - INFO - ---- Files in green_areas directory to read in: ['green_areas.gpkg']
2022-09-23 17:42:46,882 - INFO - ---- Completed read geometries funtion
2022-09-23 17:42:46,882 - INFO - Creating discharge timeseries
2022-09-23 17:42:46,901 - INFO - Creating DEM dataset and boundary dataset
2022-09-23 17:42:46,907 - INFO - Creating input files
