2022-09-23 19:09:02,897 - INFO - Log file established!
2022-09-23 19:09:02,897 - INFO - --------
2022-09-23 19:09:02,897 - INFO - Paths have been setup
2022-09-23 19:09:02,897 - INFO - Setting up environment variables
2022-09-23 19:09:02,897 - INFO - --------
2022-09-23 19:09:02,897 - INFO - Starting to run code
2022-09-23 19:09:02,897 - INFO - Setting boundary
2022-09-23 19:09:02,897 - INFO - ---- In read geometries function
2022-09-23 19:09:02,898 - INFO - ---- Files in boundary directory to read in: ['boundary.gpkg']
2022-09-23 19:09:02,931 - INFO - ---- Completed read geometries funtion
2022-09-23 19:09:02,931 - INFO - Checking if rainfall period being used
2022-09-23 19:09:02,932 - INFO - Fitting rainfall to sotrm profile
2022-09-23 19:09:02,933 - INFO - Reading and clipping DEM
2022-09-23 19:09:03,111 - INFO - Reading buildings
2022-09-23 19:09:03,111 - INFO - ---- In read geometries function
2022-09-23 19:09:03,111 - INFO - ---- Files in buildings directory to read in: ['buildings.gpkg', 'norwich.gpkg', 'norwich.shp']
2022-09-23 19:09:03,130 - INFO - -------- Reading in /data/inputs/buildings/norwich.gpkg
2022-09-23 19:09:03,138 - INFO - -------- Reading in /data/inputs/buildings/norwich.shp
2022-09-23 19:09:03,145 - INFO - ---- Completed read geometries funtion
2022-09-23 19:09:03,145 - INFO - Reading green areas
2022-09-23 19:09:03,145 - INFO - ---- In read geometries function
2022-09-23 19:09:03,145 - INFO - ---- Files in green_areas directory to read in: ['green_areas.gpkg']
2022-09-23 19:09:03,163 - INFO - ---- Completed read geometries funtion
2022-09-23 19:09:03,164 - INFO - Creating discharge timeseries
2022-09-23 19:09:03,183 - INFO - Creating DEM dataset and boundary dataset
2022-09-23 19:09:03,190 - INFO - Creating input files
2022-09-23 19:09:03,200 - INFO - Preparing CityCat
