2022-09-24 08:55:53,829 - INFO - Log file established!
2022-09-24 08:55:53,829 - INFO - --------
2022-09-24 08:55:53,830 - INFO - Paths have been setup
2022-09-24 08:55:53,830 - INFO - ['/data/inputs/urban_fabric.zip']
2022-09-24 08:55:53,830 - INFO - Setting up environment variables
2022-09-24 08:55:53,830 - INFO - --------
2022-09-24 08:55:53,830 - INFO - Starting to run code
2022-09-24 08:55:53,830 - INFO - Setting boundary
2022-09-24 08:55:53,830 - INFO - ---- In read geometries function
2022-09-24 08:55:53,831 - INFO - ---- Files in boundary directory to read in: ['boundary.gpkg']
2022-09-24 08:55:53,831 - INFO - -------- Reading in boundary
2022-09-24 08:55:53,866 - INFO - -------- Number of features read now: 1
2022-09-24 08:55:53,866 - INFO - ---- Completed read geometries funtion
2022-09-24 08:55:53,867 - INFO - Checking if rainfall period being used
2022-09-24 08:55:53,867 - INFO - Fitting rainfall to sotrm profile
2022-09-24 08:55:53,868 - INFO - Reading and clipping DEM
2022-09-24 08:55:54,052 - INFO - Reading buildings
2022-09-24 08:55:54,053 - INFO - ---- In read geometries function
2022-09-24 08:55:54,053 - INFO - ---- Files in buildings directory to read in: ['buildings.gpkg', 'norwich.gpkg', 'norwich.shp']
2022-09-24 08:55:54,053 - INFO - -------- Reading in buildings
2022-09-24 08:55:54,074 - INFO - -------- Number of features read now: 1
2022-09-24 08:55:54,074 - INFO - -------- Reading in /data/inputs/buildings/norwich.gpkg
2022-09-24 08:55:54,124 - INFO - -------- Number of features read now: 1
2022-09-24 08:55:54,124 - INFO - -------- Reading in /data/inputs/buildings/norwich.shp
2022-09-24 08:55:54,130 - INFO - -------- Number of features read now: 1
2022-09-24 08:55:54,130 - INFO - ---- Completed read geometries funtion
2022-09-24 08:55:54,130 - INFO - Reading green areas
2022-09-24 08:55:54,130 - INFO - ---- In read geometries function
2022-09-24 08:55:54,131 - INFO - ---- Files in green_areas directory to read in: ['green_areas.gpkg']
2022-09-24 08:55:54,131 - INFO - -------- Reading in green_areas
2022-09-24 08:55:54,151 - INFO - -------- Number of features read now: 0
2022-09-24 08:55:54,152 - INFO - ---- Completed read geometries funtion
2022-09-24 08:55:54,152 - INFO - Creating discharge timeseries
2022-09-24 08:55:54,172 - INFO - Creating DEM dataset and boundary dataset
2022-09-24 08:55:54,179 - INFO - Creating input files
2022-09-24 08:55:54,190 - INFO - Preparing CityCat
