2022-09-23 19:18:18,381 - INFO - Log file established!
2022-09-23 19:18:18,381 - INFO - --------
2022-09-23 19:18:18,381 - INFO - Paths have been setup
2022-09-23 19:18:18,381 - INFO - Setting up environment variables
2022-09-23 19:18:18,382 - INFO - --------
2022-09-23 19:18:18,382 - INFO - Starting to run code
2022-09-23 19:18:18,382 - INFO - Setting boundary
2022-09-23 19:18:18,382 - INFO - ---- In read geometries function
2022-09-23 19:18:18,382 - INFO - ---- Files in boundary directory to read in: ['boundary.gpkg']
2022-09-23 19:18:18,430 - INFO - ---- Read in 1 features
2022-09-23 19:18:18,455 - INFO - ---- Completed read geometries funtion
2022-09-23 19:18:18,456 - INFO - Checking if rainfall period being used
2022-09-23 19:18:18,456 - INFO - Fitting rainfall to sotrm profile
2022-09-23 19:18:18,457 - INFO - Reading and clipping DEM
2022-09-23 19:18:18,710 - INFO - Reading buildings
2022-09-23 19:18:18,710 - INFO - ---- In read geometries function
2022-09-23 19:18:18,711 - INFO - ---- Files in buildings directory to read in: ['buildings.gpkg', 'norwich.gpkg', 'norwich.shp']
2022-09-23 19:18:18,736 - INFO - -------- Reading in /data/inputs/buildings/norwich.gpkg
2022-09-23 19:18:18,750 - INFO - -------- Reading in /data/inputs/buildings/norwich.shp
2022-09-23 19:18:18,759 - INFO - ---- Read in 1 features
2022-09-23 19:18:18,827 - INFO - ---- Completed read geometries funtion
2022-09-23 19:18:18,827 - INFO - Reading green areas
2022-09-23 19:18:18,828 - INFO - ---- In read geometries function
2022-09-23 19:18:18,829 - INFO - ---- Files in green_areas directory to read in: ['green_areas.gpkg']
2022-09-23 19:18:18,879 - INFO - ---- Read in 0 features
